Base path: C:/Program Files (x86)/Unity/Editor/Data
Pipe name: \\.\pipe\UnityShaderCompiler-1-792
Cmd: getPlatforms
Cmd: preprocess
  insize=1154 outsize=624 ok=1
Cmd: compileSnippet
  api=1 type=0 insize=832 outsize=156 kw= ok=1
Cmd: compileSnippet
  api=1 type=1 insize=832 outsize=164 kw= ok=1
Cmd: preprocess
  insize=1156 outsize=626 ok=1
Cmd: preprocess
  insize=1152 outsize=622 ok=1
Cmd: preprocess
  insize=1154 outsize=624 ok=1
Cmd: preprocess
  insize=1155 outsize=624 ok=1
Cmd: compileSnippet
  api=1 type=0 insize=833 outsize=156 kw= ok=1
Cmd: compileSnippet
  api=1 type=1 insize=833 outsize=144 kw= ok=1
Cmd: preprocess
  insize=1154 outsize=624 ok=1
Cmd: preprocess
  insize=731 outsize=1267 ok=1
Cmd: compileSnippet
  api=1 type=0 insize=4490 outsize=595 kw=DIRECTIONAL SHADOWS_OFF LIGHTMAP_OFF DIRLIGHTMAP_OFF ok=1
Cmd: compileSnippet
  api=1 type=1 insize=4490 outsize=446 kw=DIRECTIONAL SHADOWS_OFF LIGHTMAP_OFF DIRLIGHTMAP_OFF ok=1
Cmd: compileSnippet
  api=1 type=0 insize=2466 outsize=383 kw=POINT ok=1
Cmd: compileSnippet
  api=1 type=1 insize=2466 outsize=593 kw=POINT ok=1
Cmd: compileSnippet
  api=1 type=0 insize=1994 outsize=190 kw= ok=1
Cmd: compileSnippet
  api=1 type=1 insize=1994 outsize=118 kw= ok=1
Cmd: compileSnippet
  api=1 type=0 insize=4207 outsize=639 kw=LIGHTMAP_OFF DIRLIGHTMAP_OFF HDR_LIGHT_PREPASS_OFF ok=1
Cmd: compileSnippet
  api=1 type=1 insize=4207 outsize=410 kw=LIGHTMAP_OFF DIRLIGHTMAP_OFF HDR_LIGHT_PREPASS_OFF ok=1
Cmd: preprocess
  insize=737 outsize=1272 ok=1
Cmd: compileSnippet
  api=1 type=0 insize=4490 outsize=595 kw=DIRECTIONAL SHADOWS_OFF LIGHTMAP_OFF DIRLIGHTMAP_OFF ok=1
Cmd: compileSnippet
  api=1 type=1 insize=4490 outsize=446 kw=DIRECTIONAL SHADOWS_OFF LIGHTMAP_OFF DIRLIGHTMAP_OFF ok=1
Cmd: compileSnippet
  api=1 type=0 insize=2466 outsize=383 kw=POINT ok=1
Cmd: compileSnippet
  api=1 type=1 insize=2466 outsize=593 kw=POINT ok=1
Cmd: compileSnippet
  api=1 type=0 insize=1994 outsize=190 kw= ok=1
Cmd: compileSnippet
  api=1 type=1 insize=1994 outsize=118 kw= ok=1
Cmd: compileSnippet
  api=1 type=0 insize=4207 outsize=639 kw=LIGHTMAP_OFF DIRLIGHTMAP_OFF HDR_LIGHT_PREPASS_OFF ok=1
Cmd: compileSnippet
  api=1 type=1 insize=4207 outsize=410 kw=LIGHTMAP_OFF DIRLIGHTMAP_OFF HDR_LIGHT_PREPASS_OFF ok=1
Cmd: preprocess
  insize=739 outsize=1274 ok=1
Cmd: preprocess
  insize=1154 outsize=624 ok=1
Cmd: preprocess
  insize=433 outsize=1179 ok=1
Cmd: compileSnippet
  api=1 type=0 insize=4279 outsize=595 kw=DIRECTIONAL SHADOWS_OFF LIGHTMAP_OFF DIRLIGHTMAP_OFF ok=1
Cmd: compileSnippet
  api=1 type=1 insize=4279 outsize=270 kw=DIRECTIONAL SHADOWS_OFF LIGHTMAP_OFF DIRLIGHTMAP_OFF ok=1
Cmd: compileSnippet
  api=1 type=0 insize=2255 outsize=383 kw=POINT ok=1
Cmd: compileSnippet
  api=1 type=1 insize=2255 outsize=399 kw=POINT ok=1
Cmd: compileSnippet
  api=1 type=0 insize=1783 outsize=190 kw= ok=1
Cmd: compileSnippet
  api=1 type=1 insize=1783 outsize=118 kw= ok=1
Cmd: compileSnippet
  api=1 type=0 insize=3996 outsize=639 kw=LIGHTMAP_OFF DIRLIGHTMAP_OFF HDR_LIGHT_PREPASS_OFF ok=1
Cmd: compileSnippet
  api=1 type=1 insize=3996 outsize=220 kw=LIGHTMAP_OFF DIRLIGHTMAP_OFF HDR_LIGHT_PREPASS_OFF ok=1
Cmd: preprocess
  insize=433 outsize=1179 ok=1
Cmd: preprocess
  insize=797 outsize=1234 ok=1
Cmd: compileSnippet
  api=1 type=0 insize=4588 outsize=595 kw=DIRECTIONAL SHADOWS_OFF LIGHTMAP_OFF DIRLIGHTMAP_OFF ok=1
Cmd: compileSnippet
  api=1 type=1 insize=4588 outsize=342 kw=DIRECTIONAL SHADOWS_OFF LIGHTMAP_OFF DIRLIGHTMAP_OFF ok=1
Cmd: compileSnippet
  api=1 type=0 insize=2564 outsize=383 kw=POINT ok=1
Cmd: compileSnippet
  api=1 type=1 insize=2564 outsize=467 kw=POINT ok=1
Cmd: compileSnippet
  api=1 type=0 insize=2092 outsize=190 kw= ok=1
Cmd: compileSnippet
  api=1 type=1 insize=2092 outsize=118 kw= ok=1
Cmd: compileSnippet
  api=1 type=0 insize=4305 outsize=639 kw=LIGHTMAP_OFF DIRLIGHTMAP_OFF HDR_LIGHT_PREPASS_OFF ok=1
Cmd: compileSnippet
  api=1 type=1 insize=4305 outsize=297 kw=LIGHTMAP_OFF DIRLIGHTMAP_OFF HDR_LIGHT_PREPASS_OFF ok=1
Cmd: compileSnippet
  api=1 type=0 insize=2564 outsize=253 kw=DIRECTIONAL ok=1
Cmd: compileSnippet
  api=1 type=1 insize=2564 outsize=332 kw=DIRECTIONAL ok=1
